<?xml version="1.0" encoding="UTF-8"?>
<!-- Generated by org.testng.reporters.JUnitXMLReporter -->
<testsuite ignored="0" hostname="MYSHEC445413L" failures="0" tests="3" name="Default test" time="3.074" errors="0" timestamp="2022-05-06T12:02:18 IST">
  <testcase classname="stepdefinations.Assignment6" name="test_given_api" time="0.429"/>
  <testcase classname="stepdefinations.Assignment6" name="test_then_validate" time="2.226"/>
  <testcase classname="stepdefinations.Assignment6" name="test_when_posted" time="0.366"/>
</testsuite> <!-- Default test -->
