<?xml version="1.0" encoding="UTF-8"?>
<testng-results ignored="0" total="3" passed="3" failed="0" skipped="0">
  <reporter-output>
  </reporter-output>
  <suite started-at="2022-05-06T12:02:15 IST" name="Default suite" finished-at="2022-05-06T12:02:18 IST" duration-ms="3074">
    <groups>
    </groups>
    <test started-at="2022-05-06T12:02:15 IST" name="Default test" finished-at="2022-05-06T12:02:18 IST" duration-ms="3074">
      <class name="stepdefinations.Assignment6">
        <test-method signature="test_given_api()[pri:0, instance:stepdefinations.Assignment6@44a7bfbc]" started-at="2022-05-06T12:02:15 IST" name="test_given_api" finished-at="2022-05-06T12:02:16 IST" duration-ms="429" status="PASS">
          <reporter-output>
          </reporter-output>
        </test-method> <!-- test_given_api -->
        <test-method signature="test_then_validate()[pri:0, instance:stepdefinations.Assignment6@44a7bfbc]" started-at="2022-05-06T12:02:16 IST" name="test_then_validate" finished-at="2022-05-06T12:02:18 IST" duration-ms="2226" status="PASS">
          <reporter-output>
          </reporter-output>
        </test-method> <!-- test_then_validate -->
        <test-method signature="test_when_posted()[pri:0, instance:stepdefinations.Assignment6@44a7bfbc]" started-at="2022-05-06T12:02:18 IST" name="test_when_posted" finished-at="2022-05-06T12:02:18 IST" duration-ms="366" status="PASS">
          <reporter-output>
          </reporter-output>
        </test-method> <!-- test_when_posted -->
      </class> <!-- stepdefinations.Assignment6 -->
    </test> <!-- Default test -->
  </suite> <!-- Default suite -->
</testng-results>
